<?xml version="1.0" encoding="UTF-8"?>
<!-- Generated by org.testng.reporters.JUnitReportReporter -->
<testsuite hostname="Arche-ITD431" failures="0" tests="2" name="Automation.testNg" time="0.013" errors="0" timestamp="2023-02-08T18:32:13 IST" skipped="0">
  <testcase classname="Automation.testNg" name="demo1" time="0.011"/>
  <system-out/>
  <testcase classname="Automation.testNg" name="demo" time="0.002"/>
  <system-out/>
</testsuite> <!-- Automation.testNg -->
